<?xml version="1.0" encoding="UTF-8"?>
<!-- Generated by org.testng.reporters.JUnitReportReporter -->
<testsuite hostname="LAPTOP-RNK5APDU" failures="0" tests="1" name="guvi.TestScenarios.ValidateURLTest" time="3.273" errors="0" timestamp="2023-04-06T16:56:09 IST" skipped="0">
  <testcase classname="guvi.TestScenarios.ValidateURLTest" name="BrokenURL" time="3.273"/>
  <system-out/>
</testsuite> <!-- guvi.TestScenarios.ValidateURLTest -->
