<?xml version="1.0" encoding="UTF-8"?>
<!-- Generated by org.testng.reporters.JUnitReportReporter -->
<testsuite hostname="LAPTOP-RNK5APDU" failures="0" tests="1" name="guvi.TestScenarios.SearchAddProductTest" time="23.432" errors="0" timestamp="2023-04-06T23:25:51 IST" skipped="0">
  <testcase classname="guvi.TestScenarios.SearchAddProductTest" name="SearchandAddProducttoCart" time="23.432"/>
  <system-out/>
</testsuite> <!-- guvi.TestScenarios.SearchAddProductTest -->
