<?xml version="1.0" encoding="UTF-8"?>
<!-- Generated by org.testng.reporters.JUnitReportReporter -->
<testsuite hostname="LAPTOP-RNK5APDU" failures="0" tests="1" name="guvi.TestScenarios.ValidateBotLinksofHPTest" time="6.497" errors="0" timestamp="2023-04-11T10:50:32 IST" skipped="0">
  <testcase classname="guvi.TestScenarios.ValidateBotLinksofHPTest" name="ValidateBottomLinkofHomePage" time="6.497"/>
  <system-out/>
</testsuite> <!-- guvi.TestScenarios.ValidateBotLinksofHPTest -->
