<?xml version="1.0" encoding="UTF-8"?>
<!-- Generated by org.testng.reporters.JUnitReportReporter -->
<testsuite hostname="LAPTOP-RNK5APDU" failures="0" tests="1" name="guvi.TestScenarios.ValidateBotLinksofHPTest" time="9.082" errors="0" timestamp="2023-04-06T20:08:52 IST" skipped="0">
  <testcase classname="guvi.TestScenarios.ValidateBotLinksofHPTest" name="ValidateBottomLinkofHomePage" time="9.082"/>
  <system-out/>
</testsuite> <!-- guvi.TestScenarios.ValidateBotLinksofHPTest -->
