<?xml version="1.0" encoding="UTF-8"?>
<!-- Generated by org.testng.reporters.JUnitReportReporter -->
<testsuite hostname="LAPTOP-RNK5APDU" failures="0" tests="1" name="guvi.TestScenarios.SignupandLoginTest" time="15.706" errors="0" timestamp="2023-04-06T15:59:22 IST" skipped="0">
  <testcase classname="guvi.TestScenarios.SignupandLoginTest" name="Login" time="15.706"/>
  <system-out/>
</testsuite> <!-- guvi.TestScenarios.SignupandLoginTest -->
