<?xml version="1.0" encoding="UTF-8"?>
<!-- Generated by org.testng.reporters.JUnitReportReporter -->
<testsuite hostname="LAPTOP-RNK5APDU" failures="0" tests="1" name="guvi.TestScenarios.ValidateTitlebyMenuNavTest" time="30.487" errors="0" timestamp="2023-04-11T10:50:32 IST" skipped="0">
  <testcase classname="guvi.TestScenarios.ValidateTitlebyMenuNavTest" name="TitleValidationbyMenu" time="30.487"/>
  <system-out/>
</testsuite> <!-- guvi.TestScenarios.ValidateTitlebyMenuNavTest -->
