<?xml version="1.0" encoding="UTF-8"?>
<!-- Generated by org.testng.reporters.JUnitReportReporter -->
<testsuite hostname="LAPTOP-RNK5APDU" failures="0" tests="1" name="Base.BaseClass" time="3.835" errors="0" timestamp="2023-04-04T14:17:49 IST" skipped="0">
  <testcase classname="Base.BaseClass" name="TitleVerification" time="3.835"/>
  <system-out/>
</testsuite> <!-- Base.BaseClass -->
