<?xml version="1.0" encoding="UTF-8"?>
<!-- Generated by org.testng.reporters.JUnitReportReporter -->
<testsuite hostname="LAPTOP-RNK5APDU" failures="0" tests="2" name="guvi.TestScenarios.SignupandLoginTest" time="24.742" errors="0" timestamp="2023-04-11T10:50:32 IST" skipped="0">
  <testcase classname="guvi.TestScenarios.SignupandLoginTest" name="Signup" time="12.859"/>
  <system-out/>
  <testcase classname="guvi.TestScenarios.SignupandLoginTest" name="Login" time="11.883"/>
  <system-out/>
</testsuite> <!-- guvi.TestScenarios.SignupandLoginTest -->
